[2020-05-28 09:55:00.525] [jointLog] [info] setting maxHashResizeThreads to 8
[2020-05-28 09:55:00.525] [jointLog] [info] Fragment incompatibility prior below threshold.  Incompatible fragments will be ignored.
[2020-05-28 09:55:00.525] [jointLog] [info] Usage of --validateMappings implies use of minScoreFraction. Since not explicitly specified, it is being set to 0.65
[2020-05-28 09:55:00.525] [jointLog] [info] Usage of --validateMappings implies a default consensus slack of 0.2. Setting consensusSlack to 0.35.
[2020-05-28 09:55:00.525] [jointLog] [info] parsing read library format
[2020-05-28 09:55:00.525] [jointLog] [info] There is 1 library.
[2020-05-28 09:55:00.566] [jointLog] [info] Loading pufferfish index
[2020-05-28 09:55:00.566] [jointLog] [info] Loading dense pufferfish index.
[2020-05-28 09:55:01.428] [jointLog] [info] done
[2020-05-28 09:55:01.428] [jointLog] [info] Index contained 205,870 targets
[2020-05-28 09:55:04.415] [jointLog] [info] Number of decoys : 0
[2020-05-28 09:55:04.445] [jointLog] [warning] Fragment GC bias correction is currently *experimental* in single-end libraries.  Please use this option with caution.
[2020-05-28 09:55:04.704] [jointLog] [info] Automatically detected most likely library type as SR
[2020-05-28 09:57:53.917] [jointLog] [info] Thread saw mini-batch with a maximum of 2.68% zero probability fragments
[2020-05-28 09:57:53.924] [jointLog] [info] Thread saw mini-batch with a maximum of 2.72% zero probability fragments
[2020-05-28 09:57:53.947] [jointLog] [info] Thread saw mini-batch with a maximum of 2.72% zero probability fragments
[2020-05-28 09:57:53.999] [jointLog] [info] Thread saw mini-batch with a maximum of 2.68% zero probability fragments
[2020-05-28 09:57:54.050] [jointLog] [info] Thread saw mini-batch with a maximum of 2.76% zero probability fragments
[2020-05-28 09:57:54.062] [jointLog] [info] Thread saw mini-batch with a maximum of 3.00% zero probability fragments
[2020-05-28 09:57:54.079] [jointLog] [info] Thread saw mini-batch with a maximum of 2.78% zero probability fragments
[2020-05-28 09:57:54.095] [jointLog] [info] Thread saw mini-batch with a maximum of 2.80% zero probability fragments
[2020-05-28 09:57:54.727] [fileLog] [info] 
At end of round 0
==================
Observed 32469184 total fragments (32469184 in most recent round)

[2020-05-28 09:57:54.726] [jointLog] [info] Computed 542,721 rich equivalence classes for further processing
[2020-05-28 09:57:54.726] [jointLog] [info] Counted 28,069,081 total reads in the equivalence classes 
[2020-05-28 09:57:54.738] [jointLog] [info] Number of mappings discarded because of alignment score : 44,602,468
[2020-05-28 09:57:54.738] [jointLog] [info] Number of fragments entirely discarded because of alignment score : 134,864
[2020-05-28 09:57:54.738] [jointLog] [info] Number of fragments discarded because they are best-mapped to decoys : 0
[2020-05-28 09:57:54.738] [jointLog] [info] Number of fragments discarded because they have only dovetail (discordant) mappings to valid targets : 0
[2020-05-28 09:57:54.738] [jointLog] [info] Mapping rate = 86.4484%

[2020-05-28 09:57:54.738] [jointLog] [info] finished quantifyLibrary()
[2020-05-28 09:57:54.738] [jointLog] [info] Starting optimizer
[2020-05-28 09:57:55.052] [jointLog] [info] Marked 0 weighted equivalence classes as degenerate
[2020-05-28 09:57:55.130] [jointLog] [info] iteration = 0 | max rel diff. = 5970.84
[2020-05-28 09:57:55.907] [jointLog] [info] iteration 11, adjusting effective lengths to account for biases
[2020-05-28 09:58:13.062] [jointLog] [info] Computed expected counts (for bias correction)
[2020-05-28 09:58:13.062] [jointLog] [info] processed bias for 0.0% of the transcripts
[2020-05-28 09:58:14.902] [jointLog] [info] processed bias for 10.0% of the transcripts
[2020-05-28 09:58:16.760] [jointLog] [info] processed bias for 20.0% of the transcripts
[2020-05-28 09:58:18.533] [jointLog] [info] processed bias for 30.0% of the transcripts
[2020-05-28 09:58:20.407] [jointLog] [info] processed bias for 40.0% of the transcripts
[2020-05-28 09:58:22.159] [jointLog] [info] processed bias for 50.0% of the transcripts
[2020-05-28 09:58:24.009] [jointLog] [info] processed bias for 60.0% of the transcripts
[2020-05-28 09:58:25.825] [jointLog] [info] processed bias for 70.0% of the transcripts
[2020-05-28 09:58:27.572] [jointLog] [info] processed bias for 80.0% of the transcripts
[2020-05-28 09:58:29.156] [jointLog] [info] processed bias for 90.0% of the transcripts
[2020-05-28 09:58:30.910] [jointLog] [info] processed bias for 100.0% of the transcripts
[2020-05-28 09:58:36.977] [jointLog] [info] iteration = 100 | max rel diff. = 19.0923
[2020-05-28 09:58:43.402] [jointLog] [info] iteration = 200 | max rel diff. = 19.2231
[2020-05-28 09:58:50.012] [jointLog] [info] iteration = 300 | max rel diff. = 10.6301
[2020-05-28 09:58:56.412] [jointLog] [info] iteration = 400 | max rel diff. = 8.82229
[2020-05-28 09:59:03.016] [jointLog] [info] iteration = 500 | max rel diff. = 4.70674
[2020-05-28 09:59:09.489] [jointLog] [info] iteration = 600 | max rel diff. = 0.518717
[2020-05-28 09:59:16.102] [jointLog] [info] iteration = 700 | max rel diff. = 1.11478
[2020-05-28 09:59:23.086] [jointLog] [info] iteration = 800 | max rel diff. = 3.09903
[2020-05-28 09:59:29.874] [jointLog] [info] iteration = 900 | max rel diff. = 0.197245
[2020-05-28 09:59:36.860] [jointLog] [info] iteration = 1,000 | max rel diff. = 0.164406
[2020-05-28 09:59:43.701] [jointLog] [info] iteration = 1,100 | max rel diff. = 1.85476
[2020-05-28 09:59:50.740] [jointLog] [info] iteration = 1,200 | max rel diff. = 0.849163
[2020-05-28 09:59:57.599] [jointLog] [info] iteration = 1,300 | max rel diff. = 4.80443
[2020-05-28 10:00:04.337] [jointLog] [info] iteration = 1,400 | max rel diff. = 12.2826
[2020-05-28 10:00:10.976] [jointLog] [info] iteration = 1,500 | max rel diff. = 0.0521592
[2020-05-28 10:00:17.624] [jointLog] [info] iteration = 1,600 | max rel diff. = 0.103307
[2020-05-28 10:00:24.307] [jointLog] [info] iteration = 1,700 | max rel diff. = 0.15153
[2020-05-28 10:00:28.954] [jointLog] [info] iteration = 1,770 | max rel diff. = 0.00819871
[2020-05-28 10:00:28.961] [jointLog] [info] Finished optimizer
[2020-05-28 10:00:28.961] [jointLog] [info] writing output 

