[2020-05-28 09:55:00.209] [jointLog] [info] setting maxHashResizeThreads to 8
[2020-05-28 09:55:00.209] [jointLog] [info] Fragment incompatibility prior below threshold.  Incompatible fragments will be ignored.
[2020-05-28 09:55:00.209] [jointLog] [info] Usage of --validateMappings implies use of minScoreFraction. Since not explicitly specified, it is being set to 0.65
[2020-05-28 09:55:00.209] [jointLog] [info] Usage of --validateMappings implies a default consensus slack of 0.2. Setting consensusSlack to 0.35.
[2020-05-28 09:55:00.209] [jointLog] [info] parsing read library format
[2020-05-28 09:55:00.209] [jointLog] [info] There is 1 library.
[2020-05-28 09:55:00.259] [jointLog] [info] Loading pufferfish index
[2020-05-28 09:55:00.259] [jointLog] [info] Loading dense pufferfish index.
[2020-05-28 09:55:01.137] [jointLog] [info] done
[2020-05-28 09:55:01.137] [jointLog] [info] Index contained 205,870 targets
[2020-05-28 09:55:03.991] [jointLog] [info] Number of decoys : 0
[2020-05-28 09:55:04.012] [jointLog] [warning] Fragment GC bias correction is currently *experimental* in single-end libraries.  Please use this option with caution.
[2020-05-28 09:55:04.214] [jointLog] [info] Automatically detected most likely library type as SR
[2020-05-28 09:58:41.382] [jointLog] [info] Thread saw mini-batch with a maximum of 2.34% zero probability fragments
[2020-05-28 09:58:41.394] [jointLog] [info] Thread saw mini-batch with a maximum of 2.24% zero probability fragments
[2020-05-28 09:58:41.445] [jointLog] [info] Thread saw mini-batch with a maximum of 2.30% zero probability fragments
[2020-05-28 09:58:41.451] [jointLog] [info] Thread saw mini-batch with a maximum of 2.28% zero probability fragments
[2020-05-28 09:58:41.471] [jointLog] [info] Thread saw mini-batch with a maximum of 2.28% zero probability fragments
[2020-05-28 09:58:41.475] [jointLog] [info] Thread saw mini-batch with a maximum of 2.26% zero probability fragments
[2020-05-28 09:58:41.512] [jointLog] [info] Thread saw mini-batch with a maximum of 2.32% zero probability fragments
[2020-05-28 09:58:41.520] [jointLog] [info] Thread saw mini-batch with a maximum of 2.24% zero probability fragments
[2020-05-28 09:58:42.191] [jointLog] [info] Computed 577,879 rich equivalence classes for further processing
[2020-05-28 09:58:42.191] [jointLog] [info] Counted 36,075,288 total reads in the equivalence classes 
[2020-05-28 09:58:42.202] [jointLog] [info] Number of mappings discarded because of alignment score : 65,009,184
[2020-05-28 09:58:42.202] [jointLog] [info] Number of fragments entirely discarded because of alignment score : 173,058
[2020-05-28 09:58:42.202] [jointLog] [info] Number of fragments discarded because they are best-mapped to decoys : 0
[2020-05-28 09:58:42.202] [jointLog] [info] Number of fragments discarded because they have only dovetail (discordant) mappings to valid targets : 0
[2020-05-28 09:58:42.202] [jointLog] [info] Mapping rate = 87.407%

[2020-05-28 09:58:42.202] [jointLog] [info] finished quantifyLibrary()
[2020-05-28 09:58:42.202] [jointLog] [info] Starting optimizer
[2020-05-28 09:58:42.191] [fileLog] [info] 
At end of round 0
==================
Observed 41272758 total fragments (41272758 in most recent round)

[2020-05-28 09:58:42.492] [jointLog] [info] Marked 0 weighted equivalence classes as degenerate
[2020-05-28 09:58:42.569] [jointLog] [info] iteration = 0 | max rel diff. = 4871.45
[2020-05-28 09:58:43.313] [jointLog] [info] iteration 11, adjusting effective lengths to account for biases
[2020-05-28 09:58:59.846] [jointLog] [info] Computed expected counts (for bias correction)
[2020-05-28 09:58:59.846] [jointLog] [info] processed bias for 0.0% of the transcripts
[2020-05-28 09:59:01.496] [jointLog] [info] processed bias for 10.0% of the transcripts
[2020-05-28 09:59:03.199] [jointLog] [info] processed bias for 20.0% of the transcripts
[2020-05-28 09:59:04.768] [jointLog] [info] processed bias for 30.0% of the transcripts
[2020-05-28 09:59:06.500] [jointLog] [info] processed bias for 40.0% of the transcripts
[2020-05-28 09:59:08.004] [jointLog] [info] processed bias for 50.0% of the transcripts
[2020-05-28 09:59:09.648] [jointLog] [info] processed bias for 60.0% of the transcripts
[2020-05-28 09:59:11.343] [jointLog] [info] processed bias for 70.0% of the transcripts
[2020-05-28 09:59:12.968] [jointLog] [info] processed bias for 80.0% of the transcripts
[2020-05-28 09:59:14.655] [jointLog] [info] processed bias for 90.0% of the transcripts
[2020-05-28 09:59:16.475] [jointLog] [info] processed bias for 100.0% of the transcripts
[2020-05-28 09:59:23.163] [jointLog] [info] iteration = 100 | max rel diff. = 13.7016
[2020-05-28 09:59:30.273] [jointLog] [info] iteration = 200 | max rel diff. = 20.8673
[2020-05-28 09:59:37.625] [jointLog] [info] iteration = 300 | max rel diff. = 8.14363
[2020-05-28 09:59:44.972] [jointLog] [info] iteration = 400 | max rel diff. = 10.6899
[2020-05-28 09:59:52.355] [jointLog] [info] iteration = 500 | max rel diff. = 16.5661
[2020-05-28 09:59:59.404] [jointLog] [info] iteration = 600 | max rel diff. = 1.61401
[2020-05-28 10:00:06.512] [jointLog] [info] iteration = 700 | max rel diff. = 2.83185
[2020-05-28 10:00:13.372] [jointLog] [info] iteration = 800 | max rel diff. = 0.583947
[2020-05-28 10:00:20.545] [jointLog] [info] iteration = 900 | max rel diff. = 4.92344
[2020-05-28 10:00:27.603] [jointLog] [info] iteration = 1,000 | max rel diff. = 0.345889
[2020-05-28 10:00:34.221] [jointLog] [info] iteration = 1,100 | max rel diff. = 12.9352
[2020-05-28 10:00:40.635] [jointLog] [info] iteration = 1,200 | max rel diff. = 0.206874
[2020-05-28 10:00:46.917] [jointLog] [info] iteration = 1,300 | max rel diff. = 0.166992
[2020-05-28 10:00:53.038] [jointLog] [info] iteration = 1,400 | max rel diff. = 0.298292
[2020-05-28 10:00:59.289] [jointLog] [info] iteration = 1,500 | max rel diff. = 0.370897
[2020-05-28 10:01:04.887] [jointLog] [info] iteration = 1,600 | max rel diff. = 2.04186
[2020-05-28 10:01:09.966] [jointLog] [info] iteration = 1,700 | max rel diff. = 0.0691662
[2020-05-28 10:01:15.116] [jointLog] [info] iteration = 1,800 | max rel diff. = 0.154598
[2020-05-28 10:01:20.285] [jointLog] [info] iteration = 1,900 | max rel diff. = 3.17924
[2020-05-28 10:01:25.622] [jointLog] [info] iteration = 2,000 | max rel diff. = 0.0171571
[2020-05-28 10:01:30.615] [jointLog] [info] iteration = 2,100 | max rel diff. = 0.105167
[2020-05-28 10:01:33.636] [jointLog] [info] iteration = 2,160 | max rel diff. = 0.00971348
[2020-05-28 10:01:33.641] [jointLog] [info] Finished optimizer
[2020-05-28 10:01:33.641] [jointLog] [info] writing output 

